2019-02-11 09:58:51,760 INFO org.springframework.boot.StartupInfoLogger [restartedMain] Starting WdtApplication on DESKTOP-3MLBR7M with PID 17980 (C:\Users\user1\Downloads\wdt\target\classes started by user1 in C:\Users\user1\Downloads\wdt)
2019-02-11 09:58:51,767 INFO org.springframework.boot.SpringApplication [restartedMain] No active profile set, falling back to default profiles: default
2019-02-11 09:58:51,885 INFO org.springframework.boot.logging.DeferredLog [restartedMain] Devtools property defaults active! Set 'spring.devtools.add-properties' to 'false' to disable
2019-02-11 09:58:51,886 INFO org.springframework.boot.logging.DeferredLog [restartedMain] For additional web related logging consider setting the 'logging.level.web' property to 'DEBUG'
2019-02-11 09:58:53,683 INFO org.springframework.boot.web.embedded.tomcat.TomcatWebServer [restartedMain] Tomcat initialized with port(s): 3000 (http)
2019-02-11 09:58:53,706 INFO org.apache.juli.logging.DirectJDKLog [restartedMain] Initializing ProtocolHandler ["http-nio-3000"]
2019-02-11 09:58:53,721 INFO org.apache.juli.logging.DirectJDKLog [restartedMain] Starting service [Tomcat]
2019-02-11 09:58:53,722 INFO org.apache.juli.logging.DirectJDKLog [restartedMain] Starting Servlet engine: [Apache Tomcat/9.0.14]
2019-02-11 09:58:53,733 INFO org.apache.juli.logging.DirectJDKLog [restartedMain] The APR based Apache Tomcat Native library which allows optimal performance in production environments was not found on the java.library.path: [C:\Program Files\Java\jdk1.8.0_121\bin;C:\WINDOWS\Sun\Java\bin;C:\WINDOWS\system32;C:\WINDOWS;C:\Program Files (x86)\Common Files\Oracle\Java\javapath;C:\Program Files (x86)\Common Files\NetSarang;C:\ProgramData\Oracle\Java\javapath;C:\WINDOWS\system32;C:\WINDOWS;C:\WINDOWS\System32\Wbem;C:\WINDOWS\System32\WindowsPowerShell\v1.0\;C:\Program Files\MySQL\MySQL Utilities 1.6\;E:\Git\cmd;C:\Program Files\nodejs\;C:\WINDOWS\System32\OpenSSH\;C:\Program Files\Microsoft SQL Server\Client SDK\ODBC\130\Tools\Binn\;C:\Program Files (x86)\Microsoft SQL Server\140\Tools\Binn\;C:\Program Files\Microsoft SQL Server\140\Tools\Binn\;C:\Program Files\Microsoft SQL Server\140\DTS\Binn\;C:\Program Files\Microsoft VS Code\bin;C:\Users\user1\AppData\Local\Microsoft\WindowsApps;C:\Users\user1\AppData\Local\atom\bin;C:\Users\user1\AppData\Local\Microsoft\WindowsApps;C:\Program Files\Microsoft VS Code\bin;C:\Users\user1\AppData\Roaming\npm;C:\Program Files (x86)\IDM Computer Solutions\UltraEdit\;C:\Users\user1\AppData\Local\Google\Cloud SDK\google-cloud-sdk\bin;.]
2019-02-11 09:58:53,961 INFO org.apache.juli.logging.DirectJDKLog [restartedMain] Initializing Spring embedded WebApplicationContext
2019-02-11 09:58:53,962 INFO org.springframework.boot.web.servlet.context.ServletWebServerApplicationContext [restartedMain] Root WebApplicationContext: initialization completed in 2075 ms
2019-02-11 09:58:54,260 INFO org.springframework.scheduling.concurrent.ExecutorConfigurationSupport [restartedMain] Initializing ExecutorService 'applicationTaskExecutor'
2019-02-11 09:58:54,381 INFO org.springframework.boot.autoconfigure.web.servlet.WelcomePageHandlerMapping [restartedMain] Adding welcome page: class path resource [static/index.html]
2019-02-11 09:58:54,503 INFO org.springframework.boot.devtools.autoconfigure.OptionalLiveReloadServer [restartedMain] LiveReload server is running on port 35729
2019-02-11 09:58:54,537 INFO org.apache.juli.logging.DirectJDKLog [restartedMain] Starting ProtocolHandler ["http-nio-3000"]
2019-02-11 09:58:54,568 INFO org.springframework.boot.web.embedded.tomcat.TomcatWebServer [restartedMain] Tomcat started on port(s): 3000 (http) with context path ''
2019-02-11 09:58:54,573 INFO org.springframework.boot.StartupInfoLogger [restartedMain] Started WdtApplication in 3.662 seconds (JVM running for 5.26)
2019-02-11 09:59:03,001 INFO org.apache.juli.logging.DirectJDKLog [http-nio-3000-exec-1] Initializing Spring DispatcherServlet 'dispatcherServlet'
2019-02-11 09:59:03,002 INFO org.springframework.web.servlet.FrameworkServlet [http-nio-3000-exec-1] Initializing Servlet 'dispatcherServlet'
2019-02-11 09:59:03,010 INFO org.springframework.web.servlet.FrameworkServlet [http-nio-3000-exec-1] Completed initialization in 7 ms
2019-02-11 10:04:42,955 INFO org.springframework.boot.StartupInfoLogger [restartedMain] Starting WdtApplication on DESKTOP-3MLBR7M with PID 15684 (C:\Users\user1\Downloads\wdt\target\classes started by user1 in C:\Users\user1\Downloads\wdt)
2019-02-11 10:04:42,960 INFO org.springframework.boot.SpringApplication [restartedMain] No active profile set, falling back to default profiles: default
2019-02-11 10:04:43,057 INFO org.springframework.boot.logging.DeferredLog [restartedMain] Devtools property defaults active! Set 'spring.devtools.add-properties' to 'false' to disable
2019-02-11 10:04:43,058 INFO org.springframework.boot.logging.DeferredLog [restartedMain] For additional web related logging consider setting the 'logging.level.web' property to 'DEBUG'
2019-02-11 10:04:44,852 INFO org.springframework.boot.web.embedded.tomcat.TomcatWebServer [restartedMain] Tomcat initialized with port(s): 3000 (http)
2019-02-11 10:04:44,871 INFO org.apache.juli.logging.DirectJDKLog [restartedMain] Initializing ProtocolHandler ["http-nio-3000"]
2019-02-11 10:04:44,887 INFO org.apache.juli.logging.DirectJDKLog [restartedMain] Starting service [Tomcat]
2019-02-11 10:04:44,888 INFO org.apache.juli.logging.DirectJDKLog [restartedMain] Starting Servlet engine: [Apache Tomcat/9.0.14]
2019-02-11 10:04:44,897 INFO org.apache.juli.logging.DirectJDKLog [restartedMain] The APR based Apache Tomcat Native library which allows optimal performance in production environments was not found on the java.library.path: [C:\Program Files\Java\jdk1.8.0_121\bin;C:\WINDOWS\Sun\Java\bin;C:\WINDOWS\system32;C:\WINDOWS;C:\Program Files (x86)\Common Files\Oracle\Java\javapath;C:\Program Files (x86)\Common Files\NetSarang;C:\ProgramData\Oracle\Java\javapath;C:\WINDOWS\system32;C:\WINDOWS;C:\WINDOWS\System32\Wbem;C:\WINDOWS\System32\WindowsPowerShell\v1.0\;C:\Program Files\MySQL\MySQL Utilities 1.6\;E:\Git\cmd;C:\Program Files\nodejs\;C:\WINDOWS\System32\OpenSSH\;C:\Program Files\Microsoft SQL Server\Client SDK\ODBC\130\Tools\Binn\;C:\Program Files (x86)\Microsoft SQL Server\140\Tools\Binn\;C:\Program Files\Microsoft SQL Server\140\Tools\Binn\;C:\Program Files\Microsoft SQL Server\140\DTS\Binn\;C:\Program Files\Microsoft VS Code\bin;C:\Users\user1\AppData\Local\Microsoft\WindowsApps;C:\Users\user1\AppData\Local\atom\bin;C:\Users\user1\AppData\Local\Microsoft\WindowsApps;C:\Program Files\Microsoft VS Code\bin;C:\Users\user1\AppData\Roaming\npm;C:\Program Files (x86)\IDM Computer Solutions\UltraEdit\;C:\Users\user1\AppData\Local\Google\Cloud SDK\google-cloud-sdk\bin;.]
2019-02-11 10:04:45,109 INFO org.apache.juli.logging.DirectJDKLog [restartedMain] Initializing Spring embedded WebApplicationContext
2019-02-11 10:04:45,109 INFO org.springframework.boot.web.servlet.context.ServletWebServerApplicationContext [restartedMain] Root WebApplicationContext: initialization completed in 2051 ms
2019-02-11 10:04:45,394 INFO org.springframework.scheduling.concurrent.ExecutorConfigurationSupport [restartedMain] Initializing ExecutorService 'applicationTaskExecutor'
2019-02-11 10:04:45,500 INFO org.springframework.boot.autoconfigure.web.servlet.WelcomePageHandlerMapping [restartedMain] Adding welcome page: class path resource [static/index.html]
2019-02-11 10:04:45,613 INFO org.springframework.boot.devtools.autoconfigure.OptionalLiveReloadServer [restartedMain] LiveReload server is running on port 35729
2019-02-11 10:04:45,649 INFO org.apache.juli.logging.DirectJDKLog [restartedMain] Starting ProtocolHandler ["http-nio-3000"]
2019-02-11 10:04:45,680 INFO org.springframework.boot.web.embedded.tomcat.TomcatWebServer [restartedMain] Tomcat started on port(s): 3000 (http) with context path ''
2019-02-11 10:04:45,684 INFO org.springframework.boot.StartupInfoLogger [restartedMain] Started WdtApplication in 3.468 seconds (JVM running for 4.99)
2019-02-11 10:05:01,399 INFO org.apache.juli.logging.DirectJDKLog [http-nio-3000-exec-1] Initializing Spring DispatcherServlet 'dispatcherServlet'
2019-02-11 10:05:01,400 INFO org.springframework.web.servlet.FrameworkServlet [http-nio-3000-exec-1] Initializing Servlet 'dispatcherServlet'
2019-02-11 10:05:01,407 INFO org.springframework.web.servlet.FrameworkServlet [http-nio-3000-exec-1] Completed initialization in 7 ms
